Starting automation...
PROGRESS:Creating virtual environment
DONE:Creating virtual environment
PROGRESS:Installing dependencies
DONE:Installing dependencies
PROGRESS:Initializing database
DONE:Initializing database
PROGRESS:Building welcome page
DONE:Building welcome page
PROGRESS:Configuring GitHub workflows
DONE:Configuring GitHub workflows
PROGRESS:Setting GitHub deployment secret
DONE:Setting GitHub deployment secret
PROGRESS:Pushing to GitHub
DONE:Pushing to GitHub
PROGRESS:Deploying to Azure via GitHub Actions
DONE:Deploying to Azure via GitHub Actions
PROGRESS:Verifying deployment
DONE:Verifying deployment
COMPLETE:https://zealous-cliff-0528bad0f.3.azurestaticapps.net
